2020-04-05 07:36:53,668 p=1728 u=ansible n=ansible | PLAY [localpcs] ****************************************************************
2020-04-05 07:36:53,693 p=1728 u=ansible n=ansible | TASK [Gathering Facts] *********************************************************
2020-04-05 07:36:55,946 p=1728 u=ansible n=ansible | ok: [ansible4]
2020-04-05 07:36:55,965 p=1728 u=ansible n=ansible | TASK [pull an image] ***********************************************************
2020-04-05 07:36:56,695 p=1728 u=ansible n=ansible | fatal: [ansible4]: FAILED! => {"changed": false, "msg": "Failed to import the required Python library (Docker SDK for Python: docker (Python >= 2.7) or docker-py (Python 2.6)) on green's Python /usr/bin/python. Please read module documentation and install in the appropriate location. If the required library is installed, but Ansible is using the wrong Python interpreter, please consult the documentation on ansible_python_interpreter, for example via `pip install docker` or `pip install docker-py` (Python 2.6). The error was: No module named requests.exceptions"}
2020-04-05 07:36:56,698 p=1728 u=ansible n=ansible | PLAY RECAP *********************************************************************
2020-04-05 07:36:56,698 p=1728 u=ansible n=ansible | ansible4                   : ok=1    changed=0    unreachable=0    failed=1    skipped=0    rescued=0    ignored=0   
2020-04-05 07:37:25,823 p=1766 u=ansible n=ansible | PLAY [localpcs] ****************************************************************
2020-04-05 07:37:25,838 p=1766 u=ansible n=ansible | TASK [Gathering Facts] *********************************************************
2020-04-05 07:37:27,295 p=1766 u=ansible n=ansible | ok: [ansible4]
2020-04-05 07:37:27,313 p=1766 u=ansible n=ansible | TASK [pull an image] ***********************************************************
2020-04-05 07:37:28,024 p=1766 u=ansible n=ansible | fatal: [ansible4]: FAILED! => {"changed": false, "msg": "Failed to import the required Python library (Docker SDK for Python: docker (Python >= 2.7) or docker-py (Python 2.6)) on green's Python /usr/bin/python. Please read module documentation and install in the appropriate location. If the required library is installed, but Ansible is using the wrong Python interpreter, please consult the documentation on ansible_python_interpreter, for example via `pip install docker` or `pip install docker-py` (Python 2.6). The error was: No module named requests.exceptions"}
2020-04-05 07:37:28,027 p=1766 u=ansible n=ansible | PLAY RECAP *********************************************************************
2020-04-05 07:37:28,027 p=1766 u=ansible n=ansible | ansible4                   : ok=1    changed=0    unreachable=0    failed=1    skipped=0    rescued=0    ignored=0   
2020-04-05 07:38:47,658 p=1796 u=ansible n=ansible | PLAY [localpcs] ****************************************************************
2020-04-05 07:38:47,673 p=1796 u=ansible n=ansible | TASK [Gathering Facts] *********************************************************
2020-04-05 07:38:49,611 p=1796 u=ansible n=ansible | ok: [ansible4]
2020-04-05 07:38:49,630 p=1796 u=ansible n=ansible | TASK [pull an image] ***********************************************************
2020-04-05 07:38:50,347 p=1796 u=ansible n=ansible | fatal: [ansible4]: FAILED! => {"changed": false, "msg": "Failed to import the required Python library (Docker SDK for Python: docker (Python >= 2.7) or docker-py (Python 2.6)) on green's Python /usr/bin/python. Please read module documentation and install in the appropriate location. If the required library is installed, but Ansible is using the wrong Python interpreter, please consult the documentation on ansible_python_interpreter, for example via `pip install docker` or `pip install docker-py` (Python 2.6). The error was: No module named requests.exceptions"}
2020-04-05 07:38:50,349 p=1796 u=ansible n=ansible | PLAY RECAP *********************************************************************
2020-04-05 07:38:50,349 p=1796 u=ansible n=ansible | ansible4                   : ok=1    changed=0    unreachable=0    failed=1    skipped=0    rescued=0    ignored=0   
2020-04-05 07:44:49,267 p=1832 u=ansible n=ansible | PLAY [localpcs] ****************************************************************
2020-04-05 07:44:49,283 p=1832 u=ansible n=ansible | TASK [Gathering Facts] *********************************************************
2020-04-05 07:44:51,390 p=1832 u=ansible n=ansible | ok: [ansible4]
2020-04-05 07:44:51,410 p=1832 u=ansible n=ansible | TASK [pull an image] ***********************************************************
2020-04-05 07:44:52,152 p=1832 u=ansible n=ansible | fatal: [ansible4]: FAILED! => {"changed": false, "msg": "Failed to import the required Python library (Docker SDK for Python: docker (Python >= 2.7) or docker-py (Python 2.6)) on green's Python /usr/bin/python. Please read module documentation and install in the appropriate location. If the required library is installed, but Ansible is using the wrong Python interpreter, please consult the documentation on ansible_python_interpreter, for example via `pip install docker` or `pip install docker-py` (Python 2.6). The error was: No module named requests.exceptions"}
2020-04-05 07:44:52,154 p=1832 u=ansible n=ansible | PLAY RECAP *********************************************************************
2020-04-05 07:44:52,155 p=1832 u=ansible n=ansible | ansible4                   : ok=1    changed=0    unreachable=0    failed=1    skipped=0    rescued=0    ignored=0   
2020-04-05 07:49:13,967 p=1866 u=ansible n=ansible | PLAY [localpcs] ****************************************************************************************************
2020-04-05 07:49:13,981 p=1866 u=ansible n=ansible | TASK [Gathering Facts] *********************************************************************************************
2020-04-05 07:49:15,983 p=1866 u=ansible n=ansible | ok: [ansible4]
2020-04-05 07:49:16,002 p=1866 u=ansible n=ansible | TASK [pull an image] ***********************************************************************************************
2020-04-05 07:49:16,970 p=1866 u=ansible n=ansible | [WARNING]: The value of the "source" option was determined to be "pull". Please set the "source" option explicitly.
Autodetection will be removed in Ansible 2.12.

2020-04-05 07:49:16,970 p=1866 u=ansible n=ansible | ok: [ansible4]
2020-04-05 07:49:16,973 p=1866 u=ansible n=ansible | PLAY RECAP *********************************************************************************************************
2020-04-05 07:49:16,974 p=1866 u=ansible n=ansible | ansible4                   : ok=2    changed=0    unreachable=0    failed=0    skipped=0    rescued=0    ignored=0   
2020-04-05 07:52:31,743 p=1899 u=ansible n=ansible | PLAY [localpcs] ****************************************************************************************************
2020-04-05 07:52:31,759 p=1899 u=ansible n=ansible | TASK [Gathering Facts] *********************************************************************************************
2020-04-05 07:52:33,856 p=1899 u=ansible n=ansible | ok: [ansible4]
2020-04-05 07:52:33,876 p=1899 u=ansible n=ansible | TASK [pull an image] ***********************************************************************************************
2020-04-05 07:52:36,335 p=1899 u=ansible n=ansible | fatal: [ansible4]: FAILED! => {"changed": false, "msg": "Error pulling image trusty/ubuntu:latest - 404 Client Error: Not Found (\"{\"message\":\"manifest for trusty/ubuntu:latest not found: manifest unknown: manifest unknown\"}\")"}
2020-04-05 07:52:36,338 p=1899 u=ansible n=ansible | PLAY RECAP *********************************************************************************************************
2020-04-05 07:52:36,339 p=1899 u=ansible n=ansible | ansible4                   : ok=1    changed=0    unreachable=0    failed=1    skipped=0    rescued=0    ignored=0   
2020-04-05 07:56:02,356 p=1932 u=ansible n=ansible | PLAY [localpcs] ****************************************************************************************************
2020-04-05 07:56:02,372 p=1932 u=ansible n=ansible | TASK [Gathering Facts] *********************************************************************************************
2020-04-05 07:56:04,324 p=1932 u=ansible n=ansible | ok: [ansible4]
2020-04-05 07:56:04,342 p=1932 u=ansible n=ansible | TASK [pull an image] ***********************************************************************************************
2020-04-05 07:56:05,244 p=1932 u=ansible n=ansible | fatal: [ansible4]: FAILED! => {"changed": false, "msg": "Error pulling image 1.16/nginx:latest - 500 Server Error: Internal Server Error (\"{\"message\":\"Get https://1.16/v2/: dial tcp: lookup 1.16: no such host\"}\")"}
2020-04-05 07:56:05,247 p=1932 u=ansible n=ansible | PLAY RECAP *********************************************************************************************************
2020-04-05 07:56:05,247 p=1932 u=ansible n=ansible | ansible4                   : ok=1    changed=0    unreachable=0    failed=1    skipped=0    rescued=0    ignored=0   
2020-04-05 07:56:34,319 p=1964 u=ansible n=ansible | ERROR! Syntax Error while loading YAML.
  did not find expected key

The error appears to be in '/home/ansible/gd/pull_docker.yml': line 9, column 7, but may
be elsewhere in the file depending on the exact syntax problem.

The offending line appears to be:

            name: nginx:1.16
      source: pull
      ^ here

2020-04-05 07:56:55,813 p=1971 u=ansible n=ansible | PLAY [localpcs] ****************************************************************************************************
2020-04-05 07:56:55,829 p=1971 u=ansible n=ansible | TASK [Gathering Facts] *********************************************************************************************
2020-04-05 07:56:57,354 p=1971 u=ansible n=ansible | ok: [ansible4]
2020-04-05 07:56:57,373 p=1971 u=ansible n=ansible | TASK [pull an image] ***********************************************************************************************
2020-04-05 07:57:07,304 p=1971 u=ansible n=ansible | changed: [ansible4]
2020-04-05 07:57:07,308 p=1971 u=ansible n=ansible | PLAY RECAP *********************************************************************************************************
2020-04-05 07:57:07,308 p=1971 u=ansible n=ansible | ansible4                   : ok=2    changed=1    unreachable=0    failed=0    skipped=0    rescued=0    ignored=0   
2020-04-05 07:59:43,051 p=2000 u=ansible n=ansible | PLAY [localpcs] ****************************************************************************************************
2020-04-05 07:59:43,067 p=2000 u=ansible n=ansible | TASK [Gathering Facts] *********************************************************************************************
2020-04-05 07:59:45,055 p=2000 u=ansible n=ansible | ok: [ansible4]
2020-04-05 07:59:45,075 p=2000 u=ansible n=ansible | TASK [pull an image] ***********************************************************************************************
2020-04-05 07:59:46,042 p=2000 u=ansible n=ansible | ok: [ansible4] => (item=nginx:1.16)
2020-04-05 07:59:46,046 p=2000 u=ansible n=ansible | PLAY RECAP *********************************************************************************************************
2020-04-05 07:59:46,046 p=2000 u=ansible n=ansible | ansible4                   : ok=2    changed=0    unreachable=0    failed=0    skipped=0    rescued=0    ignored=0   
2020-04-05 08:00:32,004 p=2036 u=ansible n=ansible | PLAY [localpcs] ****************************************************************************************************
2020-04-05 08:00:32,020 p=2036 u=ansible n=ansible | TASK [Gathering Facts] *********************************************************************************************
2020-04-05 08:00:33,561 p=2036 u=ansible n=ansible | ok: [ansible4]
2020-04-05 08:00:33,580 p=2036 u=ansible n=ansible | TASK [pull an image] ***********************************************************************************************
2020-04-05 08:00:34,507 p=2036 u=ansible n=ansible | ok: [ansible4] => (item=nginx:1.16)
2020-04-05 08:01:09,359 p=2036 u=ansible n=ansible | changed: [ansible4] => (item=php:7.2)
2020-04-05 08:01:36,379 p=2036 u=ansible n=ansible | changed: [ansible4] => (item=ubuntu:trusty)
2020-04-05 08:01:36,386 p=2036 u=ansible n=ansible | PLAY RECAP *********************************************************************************************************
2020-04-05 08:01:36,387 p=2036 u=ansible n=ansible | ansible4                   : ok=2    changed=1    unreachable=0    failed=0    skipped=0    rescued=0    ignored=0   
